{"level":"info","message":"::1 - - [18/Oct/2018:18:11:58 +0000] \"GET /api/v1/vehicles HTTP/1.1\" 200 763\n","timestamp":"2018-10-18T18:11:58.837Z"}
{"level":"info","message":"::1 - - [18/Oct/2018:18:12:02 +0000] \"GET /api/v1/vehicles HTTP/1.1\" 200 763\n","timestamp":"2018-10-18T18:12:02.784Z"}
{"level":"info","message":"::1 - - [18/Oct/2018:18:12:03 +0000] \"GET /api/v1/vehicles HTTP/1.1\" 200 763\n","timestamp":"2018-10-18T18:12:03.420Z"}
{"level":"info","message":"::1 - - [18/Oct/2018:18:14:07 +0000] \"GET /api/v1/vehicles/geolocation HTTP/1.1\" - -\n","timestamp":"2018-10-18T18:14:07.701Z"}
{"level":"info","message":"::1 - - [18/Oct/2018:18:16:21 +0000] \"GET /api/v1/vehicles/geolocation HTTP/1.1\" - -\n","timestamp":"2018-10-18T18:16:21.849Z"}
{"level":"info","message":"::1 - - [18/Oct/2018:18:25:27 +0000] \"GET /api/v1/vehicles/geolocation HTTP/1.1\" 404 166\n","timestamp":"2018-10-18T18:25:27.952Z"}
{"level":"info","message":"::1 - - [18/Oct/2018:18:25:32 +0000] \"GET /api/v2/vehicles/geolocation HTTP/1.1\" 500 4690\n","timestamp":"2018-10-18T18:25:32.855Z"}
{"level":"info","message":"::1 - - [18/Oct/2018:18:28:47 +0000] \"GET /api/v2/vehicles/geolocation HTTP/1.1\" 500 4648\n","timestamp":"2018-10-18T18:28:47.968Z"}
{"level":"info","message":"::1 - - [18/Oct/2018:18:29:56 +0000] \"GET /api/v2/vehicles/geolocation HTTP/1.1\" 500 4648\n","timestamp":"2018-10-18T18:29:56.095Z"}
{"level":"info","message":"::1 - - [18/Oct/2018:18:29:57 +0000] \"GET /api/v2/vehicles/geolocation HTTP/1.1\" 500 4648\n","timestamp":"2018-10-18T18:29:57.453Z"}
{"level":"info","message":"::1 - - [18/Oct/2018:18:29:58 +0000] \"GET /api/v2/vehicles/geolocation HTTP/1.1\" 500 4648\n","timestamp":"2018-10-18T18:29:58.182Z"}
{"level":"info","message":"::1 - - [18/Oct/2018:18:29:58 +0000] \"GET /api/v2/vehicles/geolocation HTTP/1.1\" 500 4648\n","timestamp":"2018-10-18T18:29:58.355Z"}
{"level":"info","message":"::1 - - [18/Oct/2018:18:29:58 +0000] \"GET /api/v2/vehicles/geolocation HTTP/1.1\" 500 4648\n","timestamp":"2018-10-18T18:29:58.544Z"}
{"level":"info","message":"::1 - - [18/Oct/2018:18:30:21 +0000] \"GET /api/v2/vehicles/geolocation HTTP/1.1\" 500 4648\n","timestamp":"2018-10-18T18:30:21.523Z"}
{"level":"info","message":"::1 - - [18/Oct/2018:18:31:21 +0000] \"GET /api/v2/vehicles/geolocation HTTP/1.1\" 200 5\n","timestamp":"2018-10-18T18:31:21.674Z"}
{"level":"info","message":"::1 - - [18/Oct/2018:18:31:44 +0000] \"GET /api/v2/vehicles/geolocation HTTP/1.1\" 304 -\n","timestamp":"2018-10-18T18:31:44.727Z"}
{"level":"info","message":"::1 - - [18/Oct/2018:18:33:14 +0000] \"GET /api/v2/vehicles/geolocation HTTP/1.1\" 304 -\n","timestamp":"2018-10-18T18:33:14.231Z"}
{"level":"info","message":"::1 - - [18/Oct/2018:18:33:58 +0000] \"GET /api/v2/vehicles/geolocation HTTP/1.1\" 200 2\n","timestamp":"2018-10-18T18:33:58.480Z"}
{"level":"info","message":"::1 - - [18/Oct/2018:18:34:48 +0000] \"GET /api/v2/vehicles/geolocation HTTP/1.1\" 304 -\n","timestamp":"2018-10-18T18:34:48.546Z"}
{"level":"info","message":"::1 - - [19/Oct/2018:19:18:00 +0000] \"GET /api/v2/vehicles/geolocation HTTP/1.1\" 200 18\n","timestamp":"2018-10-19T19:18:00.464Z"}
{"level":"info","message":"::1 - - [19/Oct/2018:19:18:00 +0000] \"GET /favicon.ico HTTP/1.1\" 404 150\n","timestamp":"2018-10-19T19:18:00.750Z"}
{"level":"info","message":"::1 - - [19/Oct/2018:19:18:47 +0000] \"GET /api/v2/vehicles/geolocation HTTP/1.1\" 200 2\n","timestamp":"2018-10-19T19:18:47.993Z"}
{"level":"info","message":"::1 - - [19/Oct/2018:19:19:21 +0000] \"GET /api/v2/vehicles/geolocation HTTP/1.1\" 304 -\n","timestamp":"2018-10-19T19:19:21.214Z"}
{"level":"info","message":"::1 - - [19/Oct/2018:19:40:53 +0000] \"GET /api/v2/vehicles/geolocation HTTP/1.1\" 304 -\n","timestamp":"2018-10-19T19:40:53.640Z"}
{"level":"info","message":"::1 - - [19/Oct/2018:19:56:11 +0000] \"GET /api/v2/vehicles/geolocation HTTP/1.1\" 304 -\n","timestamp":"2018-10-19T19:56:11.739Z"}
{"level":"info","message":"::1 - - [19/Oct/2018:19:56:28 +0000] \"GET /api/v2/vehicles/geolocation HTTP/1.1\" 304 -\n","timestamp":"2018-10-19T19:56:28.480Z"}
{"level":"info","message":"::1 - - [19/Oct/2018:19:56:29 +0000] \"GET /api/v2/vehicles/geolocation HTTP/1.1\" 304 -\n","timestamp":"2018-10-19T19:56:29.741Z"}
{"level":"info","message":"::1 - - [19/Oct/2018:19:56:30 +0000] \"GET /api/v2/vehicles/geolocation HTTP/1.1\" 304 -\n","timestamp":"2018-10-19T19:56:30.630Z"}
{"level":"info","message":"::1 - - [19/Oct/2018:19:56:31 +0000] \"GET /api/v2/vehicles/geolocation HTTP/1.1\" 304 -\n","timestamp":"2018-10-19T19:56:31.361Z"}
{"level":"info","message":"::1 - - [19/Oct/2018:19:56:32 +0000] \"GET /api/v2/vehicles/geolocation HTTP/1.1\" 304 -\n","timestamp":"2018-10-19T19:56:32.051Z"}
{"level":"info","message":"::1 - - [19/Oct/2018:19:56:32 +0000] \"GET /api/v2/vehicles/geolocation HTTP/1.1\" 304 -\n","timestamp":"2018-10-19T19:56:32.691Z"}
{"level":"info","message":"::1 - - [19/Oct/2018:19:57:05 +0000] \"GET /api/v2/vehicles/geolocation HTTP/1.1\" 200 2\n","timestamp":"2018-10-19T19:57:05.584Z"}
{"level":"info","message":"::1 - - [19/Oct/2018:19:57:07 +0000] \"GET /api/v2/vehicles/geolocation HTTP/1.1\" 304 -\n","timestamp":"2018-10-19T19:57:07.484Z"}
{"level":"info","message":"::1 - - [19/Oct/2018:19:57:08 +0000] \"GET /api/v2/vehicles/geolocation HTTP/1.1\" 304 -\n","timestamp":"2018-10-19T19:57:08.244Z"}
{"level":"info","message":"::1 - - [19/Oct/2018:19:57:08 +0000] \"GET /api/v2/vehicles/geolocation HTTP/1.1\" 304 -\n","timestamp":"2018-10-19T19:57:08.707Z"}
{"level":"info","message":"::1 - - [19/Oct/2018:19:57:09 +0000] \"GET /api/v2/vehicles/geolocation HTTP/1.1\" 304 -\n","timestamp":"2018-10-19T19:57:09.042Z"}
{"level":"info","message":"::1 - - [19/Oct/2018:19:57:09 +0000] \"GET /api/v2/vehicles/geolocation HTTP/1.1\" 304 -\n","timestamp":"2018-10-19T19:57:09.240Z"}
{"level":"info","message":"::1 - - [19/Oct/2018:19:57:09 +0000] \"GET /api/v2/vehicles/geolocation HTTP/1.1\" 304 -\n","timestamp":"2018-10-19T19:57:09.433Z"}
{"level":"info","message":"::1 - - [19/Oct/2018:19:57:09 +0000] \"GET /api/v2/vehicles/geolocation HTTP/1.1\" 304 -\n","timestamp":"2018-10-19T19:57:09.562Z"}
{"level":"info","message":"::1 - - [19/Oct/2018:19:57:09 +0000] \"GET /api/v2/vehicles/geolocation HTTP/1.1\" 304 -\n","timestamp":"2018-10-19T19:57:09.704Z"}
{"level":"info","message":"::1 - - [19/Oct/2018:19:57:09 +0000] \"GET /api/v2/vehicles/geolocation HTTP/1.1\" 304 -\n","timestamp":"2018-10-19T19:57:09.871Z"}
{"level":"info","message":"::1 - - [19/Oct/2018:19:57:10 +0000] \"GET /api/v2/vehicles/geolocation HTTP/1.1\" 304 -\n","timestamp":"2018-10-19T19:57:10.022Z"}
{"level":"info","message":"::1 - - [19/Oct/2018:19:57:10 +0000] \"GET /api/v2/vehicles/geolocation HTTP/1.1\" 304 -\n","timestamp":"2018-10-19T19:57:10.186Z"}
{"level":"info","message":"::1 - - [19/Oct/2018:19:58:34 +0000] \"GET /api/v2/vehicles/geolocation HTTP/1.1\" 200 194\n","timestamp":"2018-10-19T19:58:34.240Z"}
{"level":"info","message":"::1 - - [19/Oct/2018:20:01:11 +0000] \"GET /api/v2/vehicles/geolocation HTTP/1.1\" 200 322\n","timestamp":"2018-10-19T20:01:11.808Z"}
{"level":"info","message":"::1 - - [19/Oct/2018:20:01:57 +0000] \"GET /api/v2/vehicles/geolocation HTTP/1.1\" 200 2\n","timestamp":"2018-10-19T20:01:57.026Z"}
{"level":"info","message":"::1 - - [19/Oct/2018:20:01:59 +0000] \"GET /api/v2/vehicles/geolocation HTTP/1.1\" 304 -\n","timestamp":"2018-10-19T20:01:59.198Z"}
{"level":"info","message":"::1 - - [19/Oct/2018:20:02:00 +0000] \"GET /api/v2/vehicles/geolocation HTTP/1.1\" 304 -\n","timestamp":"2018-10-19T20:02:00.210Z"}
{"level":"info","message":"::1 - - [19/Oct/2018:20:02:01 +0000] \"GET /api/v2/vehicles/geolocation HTTP/1.1\" 304 -\n","timestamp":"2018-10-19T20:02:01.271Z"}
{"level":"info","message":"::1 - - [19/Oct/2018:20:06:24 +0000] \"GET /api/v2/vehicles/geolocation HTTP/1.1\" - -\n","timestamp":"2018-10-19T20:06:24.688Z"}
{"level":"info","message":"::1 - - [19/Oct/2018:20:10:38 +0000] \"GET /api/v2/vehicles/geolocation HTTP/1.1\" - -\n","timestamp":"2018-10-19T20:10:38.716Z"}
{"level":"info","message":"::1 - - [19/Oct/2018:20:12:11 +0000] \"GET /api/v2/vehicles/geolocation HTTP/1.1\" - -\n","timestamp":"2018-10-19T20:12:11.583Z"}
{"level":"info","message":"::1 - - [19/Oct/2018:20:12:46 +0000] \"GET /api/v2/vehicles/geolocation HTTP/1.1\" - -\n","timestamp":"2018-10-19T20:12:46.927Z"}
{"level":"info","message":"::1 - - [19/Oct/2018:20:12:48 +0000] \"GET /api/v2/vehicles/geolocation HTTP/1.1\" 200 2\n","timestamp":"2018-10-19T20:12:48.005Z"}
{"level":"info","message":"::1 - - [19/Oct/2018:20:12:48 +0000] \"GET /api/v2/vehicles/geolocation HTTP/1.1\" 304 -\n","timestamp":"2018-10-19T20:12:48.544Z"}
{"level":"info","message":"::1 - - [19/Oct/2018:20:12:49 +0000] \"GET /api/v2/vehicles/geolocation HTTP/1.1\" 304 -\n","timestamp":"2018-10-19T20:12:49.072Z"}
{"level":"info","message":"::1 - - [19/Oct/2018:20:12:49 +0000] \"GET /api/v2/vehicles/geolocation HTTP/1.1\" 304 -\n","timestamp":"2018-10-19T20:12:49.225Z"}
{"level":"info","message":"::1 - - [19/Oct/2018:20:12:49 +0000] \"GET /api/v2/vehicles/geolocation HTTP/1.1\" 304 -\n","timestamp":"2018-10-19T20:12:49.368Z"}
{"level":"info","message":"::1 - - [19/Oct/2018:20:12:49 +0000] \"GET /api/v2/vehicles/geolocation HTTP/1.1\" 304 -\n","timestamp":"2018-10-19T20:12:49.499Z"}
{"level":"info","message":"::1 - - [19/Oct/2018:20:16:53 +0000] \"GET /api/v2/vehicles/geolocation HTTP/1.1\" 304 -\n","timestamp":"2018-10-19T20:16:53.626Z"}
{"level":"info","message":"::1 - - [19/Oct/2018:20:17:24 +0000] \"GET /api/v2/vehicles/geolocation HTTP/1.1\" 304 -\n","timestamp":"2018-10-19T20:17:24.204Z"}
{"level":"info","message":"::1 - - [19/Oct/2018:20:17:26 +0000] \"GET /api/v2/vehicles/geolocation HTTP/1.1\" 304 -\n","timestamp":"2018-10-19T20:17:26.367Z"}
{"level":"info","message":"::1 - - [19/Oct/2018:20:22:00 +0000] \"GET /api/v2/vehicles/geolocation HTTP/1.1\" 304 -\n","timestamp":"2018-10-19T20:22:00.420Z"}
{"level":"info","message":"::1 - - [19/Oct/2018:20:22:01 +0000] \"GET /api/v2/vehicles/geolocation HTTP/1.1\" 304 -\n","timestamp":"2018-10-19T20:22:01.816Z"}
{"level":"info","message":"::1 - - [19/Oct/2018:20:23:27 +0000] \"GET /api/v2/vehicles/geolocation HTTP/1.1\" 304 -\n","timestamp":"2018-10-19T20:23:27.452Z"}
{"level":"info","message":"::1 - - [19/Oct/2018:20:23:29 +0000] \"GET /api/v2/vehicles/geolocation HTTP/1.1\" 304 -\n","timestamp":"2018-10-19T20:23:29.409Z"}
{"level":"info","message":"::1 - - [19/Oct/2018:20:28:05 +0000] \"GET /api/v2/vehicles/geolocation HTTP/1.1\" 304 -\n","timestamp":"2018-10-19T20:28:05.748Z"}
{"level":"info","message":"::1 - - [19/Oct/2018:20:28:19 +0000] \"GET /api/v2/vehicles/geolocation HTTP/1.1\" 304 -\n","timestamp":"2018-10-19T20:28:19.531Z"}
{"level":"info","message":"::1 - - [19/Oct/2018:20:29:37 +0000] \"GET /api/v2/vehicles/geolocation HTTP/1.1\" 200 322\n","timestamp":"2018-10-19T20:29:37.190Z"}
{"level":"info","message":"::1 - - [19/Oct/2018:20:30:44 +0000] \"GET /api/v2/vehicles/geolocation HTTP/1.1\" 200 643\n","timestamp":"2018-10-19T20:30:44.552Z"}
{"level":"info","message":"::1 - - [19/Oct/2018:20:30:44 +0000] \"GET /api/v2/vehicles/geolocation HTTP/1.1\" 304 -\n","timestamp":"2018-10-19T20:30:44.848Z"}
{"level":"info","message":"::1 - - [19/Oct/2018:20:41:40 +0000] \"GET /api/v2/vehicles/loaddata/init HTTP/1.1\" 200 886\n","timestamp":"2018-10-19T20:41:40.877Z"}
{"level":"info","message":"::1 - - [19/Oct/2018:20:41:50 +0000] \"GET /api/v2/vehicles/loaddata/init HTTP/1.1\" 200 886\n","timestamp":"2018-10-19T20:41:50.182Z"}
{"level":"info","message":"::1 - - [19/Oct/2018:20:41:52 +0000] \"GET /api/v2/vehicles/loaddata/init HTTP/1.1\" 200 886\n","timestamp":"2018-10-19T20:41:52.581Z"}
{"level":"info","message":"::1 - - [19/Oct/2018:20:41:55 +0000] \"GET /api/v2/vehicles/loaddata/init HTTP/1.1\" 200 886\n","timestamp":"2018-10-19T20:41:55.419Z"}
{"level":"info","message":"::1 - - [19/Oct/2018:20:41:58 +0000] \"GET /api/v2/vehicles/loaddata/init HTTP/1.1\" 200 886\n","timestamp":"2018-10-19T20:41:58.932Z"}
{"level":"info","message":"::1 - - [19/Oct/2018:20:41:59 +0000] \"GET /api/v2/vehicles/loaddata/init HTTP/1.1\" 200 886\n","timestamp":"2018-10-19T20:41:59.132Z"}
{"level":"info","message":"::1 - - [19/Oct/2018:20:41:59 +0000] \"GET /api/v2/vehicles/loaddata/init HTTP/1.1\" 200 886\n","timestamp":"2018-10-19T20:41:59.257Z"}
{"level":"info","message":"::1 - - [19/Oct/2018:20:41:59 +0000] \"GET /api/v2/vehicles/loaddata/init HTTP/1.1\" 200 886\n","timestamp":"2018-10-19T20:41:59.410Z"}
{"level":"info","message":"::1 - - [19/Oct/2018:20:41:59 +0000] \"GET /api/v2/vehicles/loaddata/init HTTP/1.1\" 200 886\n","timestamp":"2018-10-19T20:41:59.592Z"}
{"level":"info","message":"::1 - - [19/Oct/2018:20:41:59 +0000] \"GET /api/v2/vehicles/loaddata/init HTTP/1.1\" 200 886\n","timestamp":"2018-10-19T20:41:59.753Z"}
{"level":"info","message":"::1 - - [19/Oct/2018:20:41:59 +0000] \"GET /api/v2/vehicles/loaddata/init HTTP/1.1\" 200 886\n","timestamp":"2018-10-19T20:41:59.931Z"}
{"level":"info","message":"::1 - - [19/Oct/2018:20:42:00 +0000] \"GET /api/v2/vehicles/loaddata/init HTTP/1.1\" 200 886\n","timestamp":"2018-10-19T20:42:00.092Z"}
{"level":"info","message":"::1 - - [19/Oct/2018:20:42:00 +0000] \"GET /api/v2/vehicles/loaddata/init HTTP/1.1\" 200 886\n","timestamp":"2018-10-19T20:42:00.280Z"}
{"level":"info","message":"::1 - - [19/Oct/2018:20:42:00 +0000] \"GET /api/v2/vehicles/loaddata/init HTTP/1.1\" 200 886\n","timestamp":"2018-10-19T20:42:00.494Z"}
{"level":"info","message":"::1 - - [19/Oct/2018:20:42:00 +0000] \"GET /api/v2/vehicles/loaddata/init HTTP/1.1\" 200 886\n","timestamp":"2018-10-19T20:42:00.665Z"}
{"level":"info","message":"::1 - - [19/Oct/2018:20:52:35 +0000] \"POST /api/v2/vehicles HTTP/1.1\" 200 14\n","timestamp":"2018-10-19T20:52:35.106Z"}
{"level":"info","message":"::1 - - [19/Oct/2018:20:52:45 +0000] \"POST /api/v2/vehicles HTTP/1.1\" 200 14\n","timestamp":"2018-10-19T20:52:45.462Z"}
{"level":"info","message":"::1 - - [19/Oct/2018:20:55:15 +0000] \"POST /api/v2/vehicles HTTP/1.1\" 200 14\n","timestamp":"2018-10-19T20:55:15.540Z"}
{"level":"info","message":"::1 - - [19/Oct/2018:20:55:17 +0000] \"POST /api/v2/vehicles HTTP/1.1\" 200 14\n","timestamp":"2018-10-19T20:55:17.040Z"}
{"level":"info","message":"::1 - - [19/Oct/2018:20:55:30 +0000] \"POST /api/v2/vehicles HTTP/1.1\" 200 14\n","timestamp":"2018-10-19T20:55:30.092Z"}
{"level":"info","message":"::1 - - [19/Oct/2018:20:55:31 +0000] \"POST /api/v2/vehicles HTTP/1.1\" 200 14\n","timestamp":"2018-10-19T20:55:31.260Z"}
{"level":"info","message":"::1 - - [19/Oct/2018:20:58:09 +0000] \"POST /api/v2/vehicles HTTP/1.1\" 200 14\n","timestamp":"2018-10-19T20:58:09.677Z"}
{"level":"info","message":"::1 - - [19/Oct/2018:20:58:40 +0000] \"POST /api/v2/vehicles HTTP/1.1\" 200 14\n","timestamp":"2018-10-19T20:58:40.657Z"}
{"level":"info","message":"::1 - - [19/Oct/2018:20:59:07 +0000] \"POST /api/v2/vehicles HTTP/1.1\" 200 14\n","timestamp":"2018-10-19T20:59:07.336Z"}
{"level":"info","message":"::1 - - [19/Oct/2018:20:59:08 +0000] \"POST /api/v2/vehicles HTTP/1.1\" 200 14\n","timestamp":"2018-10-19T20:59:08.254Z"}
{"level":"info","message":"::1 - - [19/Oct/2018:20:59:18 +0000] \"GET /api/v2/vehicles/loaddata/init HTTP/1.1\" 200 886\n","timestamp":"2018-10-19T20:59:18.944Z"}
{"level":"info","message":"::1 - - [19/Oct/2018:20:59:59 +0000] \"GET /api/v2/vehicles/geolocation HTTP/1.1\" 200 649\n","timestamp":"2018-10-19T20:59:59.902Z"}
{"level":"info","message":"::1 - - [19/Oct/2018:21:14:40 +0000] \"PUT /api/v2/vehicles/5bca458011d7a234bf4bbd40/geolocation HTTP/1.1\" 200 28\n","timestamp":"2018-10-19T21:14:40.949Z"}
{"level":"info","message":"::1 - - [19/Oct/2018:21:14:46 +0000] \"PUT /api/v2/vehicles/5bca458011d7a234bf4bbd40/geolocation HTTP/1.1\" 200 28\n","timestamp":"2018-10-19T21:14:46.490Z"}
{"level":"info","message":"::1 - - [19/Oct/2018:21:16:53 +0000] \"PUT /api/v2/vehicles/5bca458011d7a234bf4bbd40/geolocation HTTP/1.1\" 200 28\n","timestamp":"2018-10-19T21:16:53.767Z"}
{"level":"info","message":"::1 - - [19/Oct/2018:21:16:55 +0000] \"PUT /api/v2/vehicles/5bca458011d7a234bf4bbd40/geolocation HTTP/1.1\" 200 28\n","timestamp":"2018-10-19T21:16:55.727Z"}
{"level":"info","message":"::1 - - [19/Oct/2018:21:16:57 +0000] \"PUT /api/v2/vehicles/5bca458011d7a234bf4bbd40/geolocation HTTP/1.1\" 200 28\n","timestamp":"2018-10-19T21:16:57.156Z"}
{"level":"info","message":"::1 - - [19/Oct/2018:21:18:50 +0000] \"PUT /api/v2/vehicles/5bca458011d7a234bf4bbd40/geolocation HTTP/1.1\" 200 28\n","timestamp":"2018-10-19T21:18:50.151Z"}
{"level":"info","message":"::1 - - [19/Oct/2018:21:20:06 +0000] \"PUT /api/v2/vehicles/5bca458011d7a234bf4bbd40/geolocation HTTP/1.1\" 200 28\n","timestamp":"2018-10-19T21:20:06.479Z"}
{"level":"info","message":"::1 - - [19/Oct/2018:21:23:22 +0000] \"PUT /api/v2/vehicles/5bca458011d7a234bf4bbd40/geolocation HTTP/1.1\" 200 28\n","timestamp":"2018-10-19T21:23:22.131Z"}
{"level":"info","message":"::1 - - [19/Oct/2018:21:23:55 +0000] \"PUT /api/v2/vehicles/5bca458011d7a234bf4bbd40/geolocation HTTP/1.1\" 200 28\n","timestamp":"2018-10-19T21:23:55.250Z"}
{"level":"info","message":"::1 - - [19/Oct/2018:21:26:53 +0000] \"PUT /api/v2/vehicles/5bca458011d7a234bf4bbd40/geolocation HTTP/1.1\" 200 28\n","timestamp":"2018-10-19T21:26:53.646Z"}
{"level":"info","message":"::1 - - [19/Oct/2018:21:27:55 +0000] \"PUT /api/v2/vehicles/5bca458011d7a234bf4bbd40/geolocation HTTP/1.1\" 200 28\n","timestamp":"2018-10-19T21:27:55.346Z"}
{"level":"info","message":"::1 - - [19/Oct/2018:21:32:13 +0000] \"PUT /api/v2/vehicles/5bca458011d7a234bf4bbd40/geolocation HTTP/1.1\" 200 28\n","timestamp":"2018-10-19T21:32:13.197Z"}
{"level":"info","message":"::1 - - [19/Oct/2018:21:33:00 +0000] \"PUT /api/v2/vehicles/5bca458011d7a234bf4bbd40/geolocation HTTP/1.1\" 200 28\n","timestamp":"2018-10-19T21:33:00.238Z"}
{"level":"info","message":"::1 - - [19/Oct/2018:21:33:01 +0000] \"PUT /api/v2/vehicles/5bca458011d7a234bf4bbd40/geolocation HTTP/1.1\" 200 28\n","timestamp":"2018-10-19T21:33:01.353Z"}
{"level":"info","message":"::1 - - [19/Oct/2018:21:33:17 +0000] \"PUT /api/v2/vehicles/5bca458011d7a234bf4bbd40/geolocation HTTP/1.1\" 200 28\n","timestamp":"2018-10-19T21:33:17.684Z"}
{"level":"info","message":"::1 - - [19/Oct/2018:21:36:50 +0000] \"PUT /api/v2/vehicles/5bca458011d7a234bf4bbd40/geolocation HTTP/1.1\" - -\n","timestamp":"2018-10-19T21:36:50.959Z"}
{"level":"info","message":"::1 - - [19/Oct/2018:21:37:12 +0000] \"PUT /api/v2/vehicles/5bca458011d7a234bf4bbd40/geolocation HTTP/1.1\" 200 28\n","timestamp":"2018-10-19T21:37:12.732Z"}
{"level":"info","message":"::1 - - [19/Oct/2018:21:38:40 +0000] \"PUT /api/v2/vehicles/5bca458011d7a234bf4bbd40/geolocation HTTP/1.1\" 200 28\n","timestamp":"2018-10-19T21:38:40.030Z"}
{"level":"info","message":"::1 - - [19/Oct/2018:21:43:36 +0000] \"GET /api/v2/vehicles HTTP/1.1\" 200 1558\n","timestamp":"2018-10-19T21:43:36.783Z"}
{"level":"info","message":"::1 - - [20/Oct/2018:18:59:37 +0000] \"GET /api/v2/vehicles HTTP/1.1\" 200 761\n","timestamp":"2018-10-20T18:59:37.211Z"}
{"level":"info","message":"::1 - - [20/Oct/2018:18:59:37 +0000] \"GET /favicon.ico HTTP/1.1\" 404 150\n","timestamp":"2018-10-20T18:59:37.411Z"}
{"level":"info","message":"::1 - - [20/Oct/2018:18:59:43 +0000] \"GET /api/v2/vehicles/geolocation HTTP/1.1\" 200 2\n","timestamp":"2018-10-20T18:59:43.839Z"}
{"level":"info","message":"::1 - - [20/Oct/2018:19:00:50 +0000] \"GET /api/v2/vehicles/loaddata/init HTTP/1.1\" 200 886\n","timestamp":"2018-10-20T19:00:50.588Z"}
{"level":"info","message":"::1 - - [20/Oct/2018:19:00:53 +0000] \"GET /api/v2/vehicles/loaddata/init HTTP/1.1\" 200 886\n","timestamp":"2018-10-20T19:00:53.224Z"}
{"level":"info","message":"::1 - - [20/Oct/2018:19:01:31 +0000] \"GET /api/v2/vehicles/geolocation HTTP/1.1\" 304 -\n","timestamp":"2018-10-20T19:01:31.958Z"}
{"level":"info","message":"::1 - - [20/Oct/2018:19:06:04 +0000] \"GET /api/v2/vehicles/geolocation HTTP/1.1\" 200 649\n","timestamp":"2018-10-20T19:06:04.127Z"}
{"level":"info","message":"::1 - - [20/Oct/2018:19:10:44 +0000] \"GET /api/v2/5ba6bf0afc20c60018447690/vehicles HTTP/1.1\" 404 179\n","timestamp":"2018-10-20T19:10:44.762Z"}
{"level":"info","message":"::1 - - [20/Oct/2018:19:10:55 +0000] \"GET /api/v2/vehicles/5ba6bf0afc20c60018447690 HTTP/1.1\" 404 179\n","timestamp":"2018-10-20T19:10:55.832Z"}
{"level":"info","message":"::1 - - [20/Oct/2018:19:12:18 +0000] \"GET /api/v2/vehicles/5ba6bf0afc20c60018447690 HTTP/1.1\" 200 379\n","timestamp":"2018-10-20T19:12:18.336Z"}
{"level":"info","message":"::1 - - [20/Oct/2018:19:14:20 +0000] \"GET /api/v2/vehicles/5ba6bf0afc20c60018447690/geolocation HTTP/1.1\" 200 87\n","timestamp":"2018-10-20T19:14:20.027Z"}
