{"level":"info","message":"::1 - - [21/Oct/2018:04:38:29 +0000] \"GET /api/v2/vehicles/page/1/limit/1 HTTP/1.1\" 200 -\n","timestamp":"2018-10-21T04:38:29.390Z"}
{"level":"info","message":"::1 - - [21/Oct/2018:04:38:37 +0000] \"GET /api/v2/vehicles/page/1/limit/1 HTTP/1.1\" 200 -\n","timestamp":"2018-10-21T04:38:37.050Z"}
{"level":"info","message":"::1 - - [21/Oct/2018:04:38:37 +0000] \"GET /api/v2/vehicles/page/1/limit/1 HTTP/1.1\" 200 -\n","timestamp":"2018-10-21T04:38:37.769Z"}
{"level":"info","message":"::1 - - [21/Oct/2018:04:38:38 +0000] \"GET /api/v2/vehicles/page/1/limit/1 HTTP/1.1\" 200 -\n","timestamp":"2018-10-21T04:38:38.454Z"}
{"level":"info","message":"::1 - - [21/Oct/2018:04:38:43 +0000] \"GET /api/v2/vehicles/page/1/limit/1 HTTP/1.1\" 200 -\n","timestamp":"2018-10-21T04:38:43.777Z"}
{"level":"info","message":"::1 - - [21/Oct/2018:04:39:25 +0000] \"GET /api/v2/vehicles/page/1/limit/1 HTTP/1.1\" 200 -\n","timestamp":"2018-10-21T04:39:25.385Z"}
{"level":"info","message":"::1 - - [21/Oct/2018:04:40:41 +0000] \"GET /api/v2/vehicles/page/1/limit/1 HTTP/1.1\" 200 -\n","timestamp":"2018-10-21T04:40:41.413Z"}
{"level":"info","message":"::1 - - [21/Oct/2018:04:42:09 +0000] \"GET /api/v2/vehicles/page/1/limit/1 HTTP/1.1\" 200 -\n","timestamp":"2018-10-21T04:42:09.162Z"}
{"level":"info","message":"::1 - - [21/Oct/2018:04:42:10 +0000] \"GET /api/v2/vehicles/page/1/limit/1 HTTP/1.1\" 200 -\n","timestamp":"2018-10-21T04:42:10.010Z"}
{"level":"info","message":"::1 - - [21/Oct/2018:04:42:10 +0000] \"GET /api/v2/vehicles/page/1/limit/1 HTTP/1.1\" 200 -\n","timestamp":"2018-10-21T04:42:10.661Z"}
{"level":"info","message":"::1 - - [21/Oct/2018:04:42:43 +0000] \"GET /api/v2/vehicles/page/1/limit/1 HTTP/1.1\" 200 16\n","timestamp":"2018-10-21T04:42:43.881Z"}
{"level":"info","message":"::1 - - [21/Oct/2018:04:42:44 +0000] \"GET /api/v2/vehicles/page/1/limit/1 HTTP/1.1\" 304 -\n","timestamp":"2018-10-21T04:42:44.906Z"}
{"level":"info","message":"::1 - - [21/Oct/2018:04:43:04 +0000] \"GET /api/v2/vehicles/page/1/limit/1 HTTP/1.1\" 304 -\n","timestamp":"2018-10-21T04:43:04.085Z"}
{"level":"info","message":"::1 - - [21/Oct/2018:04:43:06 +0000] \"GET /api/v2/vehicles/page/1/limit/1 HTTP/1.1\" 304 -\n","timestamp":"2018-10-21T04:43:06.133Z"}
{"level":"info","message":"::1 - - [21/Oct/2018:04:43:06 +0000] \"GET /api/v2/vehicles/page/1/limit/1 HTTP/1.1\" 304 -\n","timestamp":"2018-10-21T04:43:06.724Z"}
{"level":"info","message":"::1 - - [21/Oct/2018:04:43:07 +0000] \"GET /api/v2/vehicles/page/1/limit/1 HTTP/1.1\" 304 -\n","timestamp":"2018-10-21T04:43:07.116Z"}
{"level":"info","message":"::1 - - [21/Oct/2018:04:46:19 +0000] \"GET /api/v2/vehicles/page/1/limit/1 HTTP/1.1\" 200 406\n","timestamp":"2018-10-21T04:46:19.497Z"}
{"level":"info","message":"::1 - - [21/Oct/2018:04:47:06 +0000] \"GET /api/v2/vehicles/page/1/limit/1 HTTP/1.1\" 304 -\n","timestamp":"2018-10-21T04:47:06.373Z"}
{"level":"info","message":"::1 - - [21/Oct/2018:04:48:00 +0000] \"GET /api/v2/vehicles/page/1/limit/1 HTTP/1.1\" 304 -\n","timestamp":"2018-10-21T04:48:00.228Z"}
{"level":"info","message":"::1 - - [21/Oct/2018:04:48:47 +0000] \"GET /api/v2/vehicles/page/1/limit/1 HTTP/1.1\" 304 -\n","timestamp":"2018-10-21T04:48:47.161Z"}
{"level":"info","message":"::1 - - [21/Oct/2018:04:48:57 +0000] \"GET /api/v2/vehicles/page/1/limit/1 HTTP/1.1\" 304 -\n","timestamp":"2018-10-21T04:48:57.949Z"}
{"level":"info","message":"::1 - - [21/Oct/2018:04:49:45 +0000] \"GET /api/v2/vehicles/page/1/limit/1 HTTP/1.1\" 200 7525\n","timestamp":"2018-10-21T04:49:45.131Z"}
{"level":"info","message":"::1 - - [21/Oct/2018:04:49:46 +0000] \"GET /api/v2/vehicles/page/1/limit/1 HTTP/1.1\" 304 -\n","timestamp":"2018-10-21T04:49:46.240Z"}
{"level":"info","message":"::1 - - [21/Oct/2018:04:49:46 +0000] \"GET /api/v2/vehicles/page/1/limit/1 HTTP/1.1\" 304 -\n","timestamp":"2018-10-21T04:49:46.957Z"}
{"level":"info","message":"::1 - - [21/Oct/2018:04:49:47 +0000] \"GET /api/v2/vehicles/page/1/limit/1 HTTP/1.1\" 304 -\n","timestamp":"2018-10-21T04:49:47.300Z"}
{"level":"info","message":"::1 - - [21/Oct/2018:04:49:47 +0000] \"GET /api/v2/vehicles/page/1/limit/1 HTTP/1.1\" 304 -\n","timestamp":"2018-10-21T04:49:47.586Z"}
{"level":"info","message":"::1 - - [21/Oct/2018:04:56:36 +0000] \"GET /api/v2/vehicles/page/1/limit/1 HTTP/1.1\" 304 -\n","timestamp":"2018-10-21T04:56:36.740Z"}
{"level":"info","message":"::1 - - [21/Oct/2018:04:56:37 +0000] \"GET /api/v2/vehicles/page/1/limit/1 HTTP/1.1\" 304 -\n","timestamp":"2018-10-21T04:56:37.347Z"}
{"level":"info","message":"::1 - - [21/Oct/2018:04:58:02 +0000] \"GET /api/v2/vehicles/page/1/limit/1 HTTP/1.1\" 200 2\n","timestamp":"2018-10-21T04:58:02.122Z"}
{"level":"info","message":"::1 - - [21/Oct/2018:04:58:56 +0000] \"GET /api/v2/vehicles/page/1/limit/1 HTTP/1.1\" 304 -\n","timestamp":"2018-10-21T04:58:56.463Z"}
{"level":"info","message":"::1 - - [21/Oct/2018:04:59:37 +0000] \"GET /api/v2/vehicles/page/1/limit/1 HTTP/1.1\" 304 -\n","timestamp":"2018-10-21T04:59:37.423Z"}
{"level":"info","message":"::1 - - [21/Oct/2018:04:59:39 +0000] \"GET /api/v2/vehicles/page/1/limit/1 HTTP/1.1\" 304 -\n","timestamp":"2018-10-21T04:59:39.210Z"}
{"level":"info","message":"::1 - - [21/Oct/2018:05:00:01 +0000] \"GET /api/v2/vehicles/page/1/limit/1 HTTP/1.1\" 304 -\n","timestamp":"2018-10-21T05:00:01.971Z"}
{"level":"info","message":"::1 - - [21/Oct/2018:05:00:02 +0000] \"GET /api/v2/vehicles/page/1/limit/1 HTTP/1.1\" 304 -\n","timestamp":"2018-10-21T05:00:02.850Z"}
{"level":"info","message":"::1 - - [21/Oct/2018:05:00:25 +0000] \"GET /api/v2/vehicles/page/1/limit/1 HTTP/1.1\" 304 -\n","timestamp":"2018-10-21T05:00:25.489Z"}
{"level":"info","message":"::1 - - [21/Oct/2018:05:00:26 +0000] \"GET /api/v2/vehicles/page/1/limit/1 HTTP/1.1\" 304 -\n","timestamp":"2018-10-21T05:00:26.138Z"}
{"level":"info","message":"::1 - - [21/Oct/2018:05:01:13 +0000] \"GET /api/v2/vehicles HTTP/1.1\" 200 2\n","timestamp":"2018-10-21T05:01:13.655Z"}
{"level":"info","message":"::1 - - [21/Oct/2018:05:02:16 +0000] \"GET /api/v2/vehicles/page/1/limit/1 HTTP/1.1\" 200 2\n","timestamp":"2018-10-21T05:02:16.495Z"}
{"level":"info","message":"::1 - - [21/Oct/2018:05:02:19 +0000] \"GET /api/v2/vehicles/page/1/limit/1 HTTP/1.1\" 200 2\n","timestamp":"2018-10-21T05:02:19.361Z"}
{"level":"info","message":"::1 - - [21/Oct/2018:05:02:41 +0000] \"GET /api/v2/vehicles/page/1/limit/1 HTTP/1.1\" 200 2\n","timestamp":"2018-10-21T05:02:41.180Z"}
{"level":"info","message":"::1 - - [21/Oct/2018:05:02:42 +0000] \"GET /api/v2/vehicles/page/1/limit/1 HTTP/1.1\" 200 2\n","timestamp":"2018-10-21T05:02:42.149Z"}
{"level":"info","message":"::1 - - [21/Oct/2018:05:02:43 +0000] \"GET /api/v2/vehicles/page/1/limit/1 HTTP/1.1\" 200 2\n","timestamp":"2018-10-21T05:02:43.054Z"}
{"level":"info","message":"::1 - - [21/Oct/2018:05:02:43 +0000] \"GET /api/v2/vehicles/page/1/limit/1 HTTP/1.1\" 200 2\n","timestamp":"2018-10-21T05:02:43.501Z"}
{"level":"info","message":"::1 - - [21/Oct/2018:05:02:43 +0000] \"GET /api/v2/vehicles/page/1/limit/1 HTTP/1.1\" 200 2\n","timestamp":"2018-10-21T05:02:43.883Z"}
{"level":"info","message":"::1 - - [21/Oct/2018:05:03:46 +0000] \"GET /api/v2/vehicles/page/1/limit/1 HTTP/1.1\" 200 2\n","timestamp":"2018-10-21T05:03:46.723Z"}
{"level":"info","message":"::1 - - [21/Oct/2018:05:03:46 +0000] \"GET /favicon.ico HTTP/1.1\" 404 150\n","timestamp":"2018-10-21T05:03:46.966Z"}
{"level":"info","message":"::1 - - [21/Oct/2018:05:04:20 +0000] \"GET /api/v2/vehicles/page/1/limit/1 HTTP/1.1\" 200 2\n","timestamp":"2018-10-21T05:04:20.144Z"}
{"level":"info","message":"::1 - - [21/Oct/2018:05:05:18 +0000] \"GET /api/v2/vehicles/page/1/limit/1 HTTP/1.1\" 404 2\n","timestamp":"2018-10-21T05:05:18.063Z"}
{"level":"info","message":"::1 - - [21/Oct/2018:05:05:20 +0000] \"GET /api/v2/vehicles/page/1/limit/1 HTTP/1.1\" 404 2\n","timestamp":"2018-10-21T05:05:20.392Z"}
{"level":"info","message":"::1 - - [21/Oct/2018:05:05:20 +0000] \"GET /api/v2/vehicles/page/1/limit/1 HTTP/1.1\" 404 2\n","timestamp":"2018-10-21T05:05:20.926Z"}
{"level":"info","message":"::1 - - [21/Oct/2018:05:05:39 +0000] \"GET /api/v2/vehicles/page/1/limit/1 HTTP/1.1\" 200 2\n","timestamp":"2018-10-21T05:05:39.180Z"}
{"level":"info","message":"::1 - - [21/Oct/2018:05:05:46 +0000] \"GET /api/v2/vehicles/page/1/limit/1 HTTP/1.1\" 304 -\n","timestamp":"2018-10-21T05:05:46.447Z"}
{"level":"info","message":"::1 - - [21/Oct/2018:05:06:34 +0000] \"GET /api/v2/vehicles/5ba6bf0afc20c60018447690/geolocation HTTP/1.1\" 304 -\n","timestamp":"2018-10-21T05:06:34.419Z"}
{"level":"info","message":"::1 - - [21/Oct/2018:05:06:43 +0000] \"GET /api/v2/vehicles/-23.554827/-46.639073/500 HTTP/1.1\" 304 -\n","timestamp":"2018-10-21T05:06:43.014Z"}
