{"level":"info","message":"::1 - - [04/Aug/2018:21:07:46 +0000] \"GET /pagamentos HTTP/1.1\" 304 -\n","timestamp":"2018-08-04T21:07:46.740Z"}
{"level":"info","message":"::1 - - [04/Aug/2018:21:16:21 +0000] \"GET /pagamentos HTTP/1.1\" 304 -\n","timestamp":"2018-08-04T21:16:21.381Z"}
{"level":"info","message":"::1 - - [05/Aug/2018:15:21:51 +0000] \"GET /pagamentos HTTP/1.1\" - -\n","timestamp":"2018-08-05T15:21:51.439Z"}
{"level":"info","message":"::1 - - [05/Aug/2018:15:21:51 +0000] \"GET /pagamentos HTTP/1.1\" 200 855\n","timestamp":"2018-08-05T15:21:51.549Z"}
{"level":"info","message":"::1 - - [05/Aug/2018:15:21:52 +0000] \"GET /favicon.ico HTTP/1.1\" 404 150\n","timestamp":"2018-08-05T15:21:52.591Z"}
{"level":"info","message":"::1 - - [05/Aug/2018:15:32:08 +0000] \"GET /pagamentos HTTP/1.1\" 304 -\n","timestamp":"2018-08-05T15:32:08.483Z"}
{"level":"info","message":"::1 - - [05/Aug/2018:15:32:10 +0000] \"GET /pagamentos HTTP/1.1\" 200 855\n","timestamp":"2018-08-05T15:32:10.719Z"}
{"level":"info","message":"::1 - - [05/Aug/2018:15:32:10 +0000] \"GET /favicon.ico HTTP/1.1\" 404 150\n","timestamp":"2018-08-05T15:32:10.983Z"}
{"level":"info","message":"::1 - - [05/Aug/2018:15:32:11 +0000] \"GET /pagamentos HTTP/1.1\" 200 855\n","timestamp":"2018-08-05T15:32:11.448Z"}
{"level":"info","message":"::1 - - [05/Aug/2018:15:32:11 +0000] \"GET /favicon.ico HTTP/1.1\" 404 150\n","timestamp":"2018-08-05T15:32:11.730Z"}
{"level":"info","message":"::1 - - [05/Aug/2018:15:39:30 +0000] \"GET /pagamentos HTTP/1.1\" 500 3491\n","timestamp":"2018-08-05T15:39:30.271Z"}
{"level":"info","message":"::1 - - [05/Aug/2018:15:43:04 +0000] \"GET /pagamentos HTTP/1.1\" 200 855\n","timestamp":"2018-08-05T15:43:04.615Z"}
{"level":"info","message":"::1 - - [05/Aug/2018:15:43:05 +0000] \"GET /favicon.ico HTTP/1.1\" 404 150\n","timestamp":"2018-08-05T15:43:05.485Z"}
{"level":"info","message":"::1 - - [05/Aug/2018:15:43:46 +0000] \"GET /pagamentos HTTP/1.1\" 500 3491\n","timestamp":"2018-08-05T15:43:46.948Z"}
{"level":"info","message":"::1 - - [05/Aug/2018:15:43:47 +0000] \"GET /favicon.ico HTTP/1.1\" 404 150\n","timestamp":"2018-08-05T15:43:47.502Z"}
{"level":"info","message":"::1 - - [05/Aug/2018:15:44:28 +0000] \"GET /pagamentos/pagamento/5 HTTP/1.1\" 500 136\n","timestamp":"2018-08-05T15:44:28.241Z"}
{"level":"info","message":"::1 - - [05/Aug/2018:15:45:22 +0000] \"GET /pagamentos/pagamento/5 HTTP/1.1\" 200 1121\n","timestamp":"2018-08-05T15:45:22.159Z"}
{"level":"info","message":"::1 - - [05/Aug/2018:16:18:48 +0000] \"GET /pagamentos/pagamento/5 HTTP/1.1\" 304 -\n","timestamp":"2018-08-05T16:18:48.209Z"}
{"level":"info","message":"::1 - - [05/Aug/2018:16:19:37 +0000] \"GET /pagamentos/pagamento/5 HTTP/1.1\" 304 -\n","timestamp":"2018-08-05T16:19:37.508Z"}
{"level":"info","message":"::1 - - [05/Aug/2018:16:19:48 +0000] \"GET /pagamentos/pagamento/5 HTTP/1.1\" 304 -\n","timestamp":"2018-08-05T16:19:48.742Z"}
{"level":"info","message":"::1 - - [05/Aug/2018:16:20:07 +0000] \"GET /pagamentos/pagamento/5 HTTP/1.1\" 200 1121\n","timestamp":"2018-08-05T16:20:07.576Z"}
{"level":"info","message":"::1 - - [05/Aug/2018:16:20:08 +0000] \"GET /favicon.ico HTTP/1.1\" 404 150\n","timestamp":"2018-08-05T16:20:08.357Z"}
{"level":"info","message":"::1 - - [05/Aug/2018:16:20:39 +0000] \"GET /pagamentos/pagamento/5 HTTP/1.1\" 200 123\n","timestamp":"2018-08-05T16:20:39.838Z"}
{"level":"info","message":"::1 - - [05/Aug/2018:16:20:42 +0000] \"GET /favicon.ico HTTP/1.1\" 404 150\n","timestamp":"2018-08-05T16:20:42.408Z"}
{"level":"info","message":"::1 - - [05/Aug/2018:16:20:57 +0000] \"GET /pagamentos/pagamento/5 HTTP/1.1\" 200 123\n","timestamp":"2018-08-05T16:20:57.146Z"}
{"level":"info","message":"::1 - - [05/Aug/2018:16:20:58 +0000] \"GET /favicon.ico HTTP/1.1\" 404 150\n","timestamp":"2018-08-05T16:20:58.157Z"}
{"level":"info","message":"::1 - - [05/Aug/2018:16:23:12 +0000] \"GET /pagamentos/pagamento/4 HTTP/1.1\" 200 123\n","timestamp":"2018-08-05T16:23:12.383Z"}
